2022-07-28 09:38:15.435  INFO 6476 --- [restartedMain] jpabook.jpashop.JpashopApplication       : Starting JpashopApplication using Java 17.0.1 on DESKTOP-49UD4DC with PID 6476 (C:\Users\TWIM\Desktop\Git\twim-jpashop\build\classes\java\main started by TWIM in C:\Users\TWIM\Desktop\Git\twim-jpashop)
2022-07-28 09:38:15.436  INFO 6476 --- [restartedMain] jpabook.jpashop.JpashopApplication       : No active profile set, falling back to 1 default profile: "default"
2022-07-28 09:38:15.480  INFO 6476 --- [restartedMain] .e.DevToolsPropertyDefaultsPostProcessor : Devtools property defaults active! Set 'spring.devtools.add-properties' to 'false' to disable
2022-07-28 09:38:15.480  INFO 6476 --- [restartedMain] .e.DevToolsPropertyDefaultsPostProcessor : For additional web related logging consider setting the 'logging.level.web' property to 'DEBUG'
2022-07-28 09:38:16.785  INFO 6476 --- [restartedMain] .s.d.r.c.RepositoryConfigurationDelegate : Bootstrapping Spring Data JPA repositories in DEFAULT mode.
2022-07-28 09:38:16.866  INFO 6476 --- [restartedMain] .s.d.r.c.RepositoryConfigurationDelegate : Finished Spring Data repository scanning in 67 ms. Found 4 JPA repository interfaces.
2022-07-28 09:38:17.683  INFO 6476 --- [restartedMain] o.s.b.w.embedded.tomcat.TomcatWebServer  : Tomcat initialized with port(s): 8080 (http)
2022-07-28 09:38:17.694  INFO 6476 --- [restartedMain] o.apache.catalina.core.StandardService   : Starting service [Tomcat]
2022-07-28 09:38:17.694  INFO 6476 --- [restartedMain] org.apache.catalina.core.StandardEngine  : Starting Servlet engine: [Apache Tomcat/9.0.64]
2022-07-28 09:38:17.790  INFO 6476 --- [restartedMain] o.a.c.c.C.[Tomcat].[localhost].[/]       : Initializing Spring embedded WebApplicationContext
2022-07-28 09:38:17.790  INFO 6476 --- [restartedMain] w.s.c.ServletWebServerApplicationContext : Root WebApplicationContext: initialization completed in 2307 ms
2022-07-28 09:38:18.089  INFO 6476 --- [restartedMain] o.hibernate.jpa.internal.util.LogHelper  : HHH000204: Processing PersistenceUnitInfo [name: default]
2022-07-28 09:38:18.148  INFO 6476 --- [restartedMain] org.hibernate.Version                    : HHH000412: Hibernate ORM core version 5.6.9.Final
2022-07-28 09:38:18.332  INFO 6476 --- [restartedMain] o.hibernate.annotations.common.Version   : HCANN000001: Hibernate Commons Annotations {5.1.2.Final}
2022-07-28 09:38:18.435  INFO 6476 --- [restartedMain] com.zaxxer.hikari.HikariDataSource       : HikariPool-1 - Starting...
2022-07-28 09:38:18.786  INFO 6476 --- [restartedMain] com.zaxxer.hikari.HikariDataSource       : HikariPool-1 - Start completed.
2022-07-28 09:38:18.804  INFO 6476 --- [restartedMain] org.hibernate.dialect.Dialect            : HHH000400: Using dialect: org.hibernate.dialect.MySQL8Dialect
2022-07-28 09:38:19.713  INFO 6476 --- [restartedMain] o.h.e.t.j.p.i.JtaPlatformInitiator       : HHH000490: Using JtaPlatform implementation: [org.hibernate.engine.transaction.jta.platform.internal.NoJtaPlatform]
2022-07-28 09:38:19.725  INFO 6476 --- [restartedMain] j.LocalContainerEntityManagerFactoryBean : Initialized JPA EntityManagerFactory for persistence unit 'default'
2022-07-28 09:38:20.264  WARN 6476 --- [restartedMain] JpaBaseConfiguration$JpaWebConfiguration : spring.jpa.open-in-view is enabled by default. Therefore, database queries may be performed during view rendering. Explicitly configure spring.jpa.open-in-view to disable this warning
2022-07-28 09:38:20.372 DEBUG 6476 --- [restartedMain] o.s.w.f.CommonsRequestLoggingFilter      : Filter 'commonsRequestLoggingFilter' configured for use
2022-07-28 09:38:20.728 DEBUG 6476 --- [restartedMain] s.w.s.m.m.a.RequestMappingHandlerMapping : 29 mappings in 'requestMappingHandlerMapping'
2022-07-28 09:38:20.814  INFO 6476 --- [restartedMain] o.s.b.a.e.web.EndpointLinksResolver      : Exposing 1 endpoint(s) beneath base path '/actuator'
2022-07-28 09:38:20.998  INFO 6476 --- [restartedMain] o.s.s.web.DefaultSecurityFilterChain     : Will secure any request with [org.springframework.security.web.session.DisableEncodeUrlFilter@40341215, org.springframework.security.web.context.request.async.WebAsyncManagerIntegrationFilter@2cf2f042, org.springframework.security.web.context.SecurityContextPersistenceFilter@58f328d9, org.springframework.security.web.header.HeaderWriterFilter@41546ef3, org.springframework.web.filter.CorsFilter@7dbdea31, org.springframework.security.web.authentication.logout.LogoutFilter@d3b3cd, jpabook.jpashop.common.auth.JwtAuthenticationFilter@34a30412, org.springframework.security.web.savedrequest.RequestCacheAwareFilter@3c546465, org.springframework.security.web.servletapi.SecurityContextHolderAwareRequestFilter@94f63ae, org.springframework.security.web.authentication.AnonymousAuthenticationFilter@54671c29, org.springframework.security.web.session.SessionManagementFilter@22d1fe63, org.springframework.security.web.access.ExceptionTranslationFilter@685638b7, org.springframework.security.web.access.intercept.FilterSecurityInterceptor@770b48fe]
2022-07-28 09:38:21.103  INFO 6476 --- [restartedMain] o.s.b.d.a.OptionalLiveReloadServer       : LiveReload server is running on port 35729
2022-07-28 09:38:21.110 DEBUG 6476 --- [restartedMain] s.w.s.m.m.a.RequestMappingHandlerAdapter : ControllerAdvice beans: 0 @ModelAttribute, 0 @InitBinder, 1 RequestBodyAdvice, 1 ResponseBodyAdvice
2022-07-28 09:38:21.148 DEBUG 6476 --- [restartedMain] o.s.w.s.handler.SimpleUrlHandlerMapping  : Patterns [/swagger-ui/] in 'viewControllerHandlerMapping'
2022-07-28 09:38:21.166 DEBUG 6476 --- [restartedMain] o.s.w.s.handler.SimpleUrlHandlerMapping  : Patterns [/webjars/**, /**, /resources/**, /swagger-ui.html, /css/**, /fonts/**, /icons/**, /img/**, /js/**, /swagger-ui/**] in 'resourceHandlerMapping'
2022-07-28 09:38:21.174 DEBUG 6476 --- [restartedMain] .m.m.a.ExceptionHandlerExceptionResolver : ControllerAdvice beans: 2 @ExceptionHandler, 1 ResponseBodyAdvice
2022-07-28 09:38:21.385  INFO 6476 --- [restartedMain] o.s.b.w.embedded.tomcat.TomcatWebServer  : Tomcat started on port(s): 8080 (http) with context path ''
2022-07-28 09:38:21.793  INFO 6476 --- [restartedMain] jpabook.jpashop.JpashopApplication       : Started JpashopApplication in 6.709 seconds (JVM running for 7.253)
